<?xml version="1.0" encoding="UTF-8"?>
<!-- Generated by org.testng.reporters.JUnitReportReporter -->
<testsuite hostname="LIN76003578" failures="0" tests="3" name="com.test.annotation.JsonWithAnnotation" time="2.571" errors="0" timestamp="2024-03-06T11:49:45 IST" skipped="0">
  <testcase classname="com.test.annotation.JsonWithAnnotation" name="CustomerLogin" time="0.754"/>
  <testcase classname="com.test.annotation.JsonWithAnnotation" name="CustomerLogin" time="1.167"/>
  <testcase classname="com.test.annotation.JsonWithAnnotation" name="CustomerLogin" time="0.650"/>
</testsuite> <!-- com.test.annotation.JsonWithAnnotation -->
